<?xml version="1.0" encoding="UTF-8"?>
<testng-results ignored="0" total="2" passed="2" failed="0" skipped="0">
  <reporter-output>
  </reporter-output>
  <suite started-at="2020-10-14T14:47:25Z" name="ApttusAssignment1" finished-at="2020-10-14T14:48:01Z" duration-ms="35802">
    <groups>
    </groups>
    <test started-at="2020-10-14T14:47:25Z" name="TC001 : validate Add to Cart functionality" finished-at="2020-10-14T14:48:01Z" duration-ms="35802">
      <class name="common.Start">
        <test-method is-config="true" signature="initialization()[pri:0, instance:common.Start@2a4fb17b]" started-at="2020-10-14T14:47:19Z" name="initialization" finished-at="2020-10-14T14:47:25Z" duration-ms="6387" status="PASS">
          <reporter-output>
          </reporter-output>
        </test-method> <!-- initialization -->
        <test-method is-config="true" signature="termination()[pri:0, instance:common.Start@2a4fb17b]" started-at="2020-10-14T14:48:01Z" name="termination" finished-at="2020-10-14T14:48:01Z" duration-ms="103" status="PASS">
          <reporter-output>
          </reporter-output>
        </test-method> <!-- termination -->
      </class> <!-- common.Start -->
      <class name="scenario_1.AutomationPractice">
        <test-method is-config="true" signature="readPrductDetails()[pri:0, instance:scenario_1.AutomationPractice@5c6648b0]" started-at="2020-10-14T14:47:25Z" name="readPrductDetails" finished-at="2020-10-14T14:47:27Z" duration-ms="1199" status="PASS">
          <reporter-output>
          </reporter-output>
        </test-method> <!-- readPrductDetails -->
        <test-method signature="loginToApplication(java.lang.String, java.lang.String, java.lang.String)[pri:1, instance:scenario_1.AutomationPractice@5c6648b0]" started-at="2020-10-14T14:47:27Z" name="loginToApplication" finished-at="2020-10-14T14:47:51Z" duration-ms="24831" status="PASS">
          <params>
            <param index="0">
              <value>
                <![CDATA[jetblue@grr.la]]>
              </value>
            </param>
            <param index="1">
              <value>
                <![CDATA[jetblue]]>
              </value>
            </param>
            <param index="2">
              <value>
                <![CDATA[jet blue]]>
              </value>
            </param>
          </params>
          <reporter-output>
          </reporter-output>
        </test-method> <!-- loginToApplication -->
        <test-method signature="validateAddToCart()[pri:2, instance:scenario_1.AutomationPractice@5c6648b0]" started-at="2020-10-14T14:47:51Z" name="validateAddToCart" finished-at="2020-10-14T14:48:01Z" duration-ms="9708" status="PASS">
          <reporter-output>
          </reporter-output>
        </test-method> <!-- validateAddToCart -->
      </class> <!-- scenario_1.AutomationPractice -->
    </test> <!-- TC001 : validate Add to Cart functionality -->
  </suite> <!-- ApttusAssignment1 -->
</testng-results>
