<?xml version="1.0" encoding="UTF-8"?>
<!-- Generated by org.testng.reporters.JUnitXMLReporter -->
<testsuite ignored="0" hostname="LAPTOP-M7NDOE15" failures="1" tests="2" name="Regression" time="14.735" errors="0" timestamp="07 Oct 2020 19:07:49 GMT">
  <testcase classname="scenario_1.AutomationPractice" name="readPrductDetails" time="1.28"/>
  <testcase classname="scenario_1.AutomationPractice" name="validateAddToCart" time="7.645">
    <failure type="java.lang.AssertionError" message="expected [Orange, S] but found [null]">
      <![CDATA[java.lang.AssertionError: expected [Orange, S] but found [null]
at scenario_1.AutomationPractice.validateAddToCart(AutomationPractice.java:66)
... Removed 31 stack frames]]>
    </failure>
  </testcase> <!-- validateAddToCart -->
</testsuite> <!-- Regression -->
