<?xml version="1.0" encoding="UTF-8"?>
<!-- Generated by org.testng.reporters.JUnitReportReporter -->
<testsuite hostname="LAPTOP-M7NDOE15" failures="0" tests="2" name="scenario_1.AutomationPractice" time="34.539" errors="0" timestamp="14 Oct 2020 14:48:01 GMT" skipped="0">
  <testcase classname="scenario_1.AutomationPractice" name="loginToApplication" time="24.831"/>
  <testcase classname="scenario_1.AutomationPractice" name="validateAddToCart" time="9.708"/>
</testsuite> <!-- scenario_1.AutomationPractice -->
