<?xml version="1.0" encoding="UTF-8"?>
<!-- Generated by org.testng.reporters.JUnitReportReporter -->
<testsuite hostname="LAPTOP-M7NDOE15" failures="0" tests="2" name="scenario_3.DeleteStation" time="1.987" errors="0" timestamp="12 Oct 2020 08:49:48 GMT" skipped="0">
  <testcase classname="scenario_3.DeleteStation" name="validateDeleteAllStation" time="0.933"/>
  <testcase classname="scenario_3.DeleteStation" name="validateDeleteAllStation" time="1.054"/>
</testsuite> <!-- scenario_3.DeleteStation -->
