<?xml version="1.0" encoding="UTF-8"?>
<!-- Generated by org.testng.reporters.JUnitXMLReporter -->
<testsuite ignored="0" hostname="LAPTOP-M7NDOE15" failures="0" tests="2" name="TC001 : validate Add to Cart functionality" time="35.802" errors="0" timestamp="14 Oct 2020 14:48:01 GMT">
  <testcase classname="scenario_1.AutomationPractice" name="loginToApplication" time="24.831"/>
  <testcase classname="scenario_1.AutomationPractice" name="validateAddToCart" time="9.708"/>
</testsuite> <!-- TC001 : validate Add to Cart functionality -->
