<?xml version="1.0" encoding="UTF-8"?>
<!-- Generated by org.testng.reporters.JUnitXMLReporter -->
<testsuite ignored="0" hostname="LAPTOP-M7NDOE15" failures="0" tests="2" name="validate Add to Cart functionality" time="33.788" errors="0" timestamp="11 Oct 2020 12:00:47 GMT">
  <testcase classname="scenario_1.AutomationPractice" name="readPrductDetails" time="1.527"/>
  <testcase classname="scenario_1.AutomationPractice" name="validateAddToCart" time="7.971"/>
</testsuite> <!-- validate Add to Cart functionality -->
